{"/home/camille/repos/many-words/server/src/exercises/globalStats.ts": {"path":"/home/camille/repos/many-words/server/src/exercises/globalStats.ts","statementMap":{"0":{"start":{"line":1,"column":20},"end":{"line":1,"column":73}}},"fnMap":{},"branchMap":{},"s":{"0":1},"f":{},"b":{},"_coverageSchema":"1a1c01bbd47fc00a2c39e90264f33305004495a9","hash":"45585a72f6acb847cdb8cb7f6c3611e6b96bc7d1"}
,"/home/camille/repos/many-words/server/src/exercises/data/globalStats.ts": {"path":"/home/camille/repos/many-words/server/src/exercises/data/globalStats.ts","statementMap":{"0":{"start":{"line":1,"column":20},"end":{"line":1,"column":74}}},"fnMap":{},"branchMap":{},"s":{"0":1},"f":{},"b":{},"_coverageSchema":"1a1c01bbd47fc00a2c39e90264f33305004495a9","hash":"1e444ec28399365d8eb02bdf7d608813a9577f54"}
,"/home/camille/repos/many-words/server/src/exercises/data/lessonsByTopic.ts": {"path":"/home/camille/repos/many-words/server/src/exercises/data/lessonsByTopic.ts","statementMap":{"0":{"start":{"line":1,"column":23},"end":{"line":43,"column":1}}},"fnMap":{},"branchMap":{},"s":{"0":1},"f":{},"b":{},"_coverageSchema":"1a1c01bbd47fc00a2c39e90264f33305004495a9","hash":"95d2337bcda22a5607532cef36746809421ceb2e"}
,"/home/camille/repos/many-words/server/src/exercises/data/wordCountByLesson.ts": {"path":"/home/camille/repos/many-words/server/src/exercises/data/wordCountByLesson.ts","statementMap":{"0":{"start":{"line":1,"column":26},"end":{"line":54,"column":1}}},"fnMap":{},"branchMap":{},"s":{"0":2},"f":{},"b":{},"_coverageSchema":"1a1c01bbd47fc00a2c39e90264f33305004495a9","hash":"6edc99016037c0e876625bef9352eded5175e5c3"}
,"/home/camille/repos/many-words/server/src/exercises/helpers/appendWeakestForms.function.ts": {"path":"/home/camille/repos/many-words/server/src/exercises/helpers/appendWeakestForms.function.ts","statementMap":{"0":{"start":{"line":8,"column":27},"end":{"line":32,"column":1}},"1":{"start":{"line":12,"column":32},"end":{"line":27,"column":4}},"2":{"start":{"line":13,"column":36},"end":{"line":13,"column":38}},"3":{"start":{"line":14,"column":4},"end":{"line":24,"column":5}},"4":{"start":{"line":15,"column":24},"end":{"line":15,"column":29}},"5":{"start":{"line":16,"column":6},"end":{"line":23,"column":9}},"6":{"start":{"line":17,"column":8},"end":{"line":22,"column":9}},"7":{"start":{"line":18,"column":10},"end":{"line":18,"column":35}},"8":{"start":{"line":19,"column":10},"end":{"line":19,"column":32}},"9":{"start":{"line":20,"column":15},"end":{"line":22,"column":9}},"10":{"start":{"line":21,"column":10},"end":{"line":21,"column":34}},"11":{"start":{"line":25,"column":4},"end":{"line":25,"column":45}},"12":{"start":{"line":26,"column":4},"end":{"line":26,"column":24}},"13":{"start":{"line":31,"column":2},"end":{"line":31,"column":31}}},"fnMap":{"0":{"name":"(anonymous_0)","decl":{"start":{"line":8,"column":27},"end":{"line":8,"column":28}},"loc":{"start":{"line":11,"column":13},"end":{"line":32,"column":1}},"line":11},"1":{"name":"(anonymous_1)","decl":{"start":{"line":12,"column":46},"end":{"line":12,"column":47}},"loc":{"start":{"line":12,"column":68},"end":{"line":27,"column":3}},"line":12},"2":{"name":"(anonymous_2)","decl":{"start":{"line":16,"column":35},"end":{"line":16,"column":36}},"loc":{"start":{"line":16,"column":45},"end":{"line":23,"column":7}},"line":16}},"branchMap":{"0":{"loc":{"start":{"line":14,"column":4},"end":{"line":24,"column":5}},"type":"if","locations":[{"start":{"line":14,"column":4},"end":{"line":24,"column":5}},{"start":{"line":14,"column":4},"end":{"line":24,"column":5}}],"line":14},"1":{"loc":{"start":{"line":17,"column":8},"end":{"line":22,"column":9}},"type":"if","locations":[{"start":{"line":17,"column":8},"end":{"line":22,"column":9}},{"start":{"line":17,"column":8},"end":{"line":22,"column":9}}],"line":17},"2":{"loc":{"start":{"line":20,"column":15},"end":{"line":22,"column":9}},"type":"if","locations":[{"start":{"line":20,"column":15},"end":{"line":22,"column":9}},{"start":{"line":20,"column":15},"end":{"line":22,"column":9}}],"line":20}},"s":{"0":1,"1":4,"2":8,"3":8,"4":5,"5":5,"6":25,"7":9,"8":9,"9":16,"10":7,"11":8,"12":8,"13":4},"f":{"0":4,"1":8,"2":25},"b":{"0":[5,3],"1":[9,16],"2":[7,9]},"_coverageSchema":"1a1c01bbd47fc00a2c39e90264f33305004495a9","hash":"02177f75491260662ac0b8bb2c46c146ba0845b7"}
,"/home/camille/repos/many-words/server/src/exercises/helpers/sortWordStats.function.ts": {"path":"/home/camille/repos/many-words/server/src/exercises/helpers/sortWordStats.function.ts","statementMap":{"0":{"start":{"line":3,"column":22},"end":{"line":7,"column":1}},"1":{"start":{"line":4,"column":2},"end":{"line":6,"column":5}},"2":{"start":{"line":5,"column":4},"end":{"line":5,"column":41}}},"fnMap":{"0":{"name":"(anonymous_0)","decl":{"start":{"line":3,"column":22},"end":{"line":3,"column":23}},"loc":{"start":{"line":3,"column":63},"end":{"line":7,"column":1}},"line":3},"1":{"name":"(anonymous_1)","decl":{"start":{"line":4,"column":24},"end":{"line":4,"column":25}},"loc":{"start":{"line":4,"column":34},"end":{"line":6,"column":3}},"line":4}},"branchMap":{},"s":{"0":1,"1":4,"2":9},"f":{"0":4,"1":9},"b":{},"_coverageSchema":"1a1c01bbd47fc00a2c39e90264f33305004495a9","hash":"06fa7e9f0a11967aa2c7f7a346592db65d09fd69"}
,"/home/camille/repos/many-words/server/src/exercises/interfaces/lesson.type.ts": {"path":"/home/camille/repos/many-words/server/src/exercises/interfaces/lesson.type.ts","statementMap":{"0":{"start":{"line":6,"column":24},"end":{"line":8,"column":1}},"1":{"start":{"line":7,"column":2},"end":{"line":7,"column":57}}},"fnMap":{"0":{"name":"(anonymous_0)","decl":{"start":{"line":6,"column":24},"end":{"line":6,"column":25}},"loc":{"start":{"line":6,"column":62},"end":{"line":8,"column":1}},"line":6}},"branchMap":{},"s":{"0":1,"1":208},"f":{"0":208},"b":{},"_coverageSchema":"1a1c01bbd47fc00a2c39e90264f33305004495a9","hash":"a821368b48daba67300e15f5780bd641969a9dc0"}
,"/home/camille/repos/many-words/server/src/exercises/interfaces/topic.type.ts": {"path":"/home/camille/repos/many-words/server/src/exercises/interfaces/topic.type.ts","statementMap":{"0":{"start":{"line":6,"column":23},"end":{"line":8,"column":1}},"1":{"start":{"line":7,"column":2},"end":{"line":7,"column":53}}},"fnMap":{"0":{"name":"(anonymous_0)","decl":{"start":{"line":6,"column":23},"end":{"line":6,"column":24}},"loc":{"start":{"line":6,"column":58},"end":{"line":8,"column":1}},"line":6}},"branchMap":{},"s":{"0":1,"1":48},"f":{"0":48},"b":{},"_coverageSchema":"1a1c01bbd47fc00a2c39e90264f33305004495a9","hash":"8e6ed68eb7d687901f5a3d36eac1be04a18a10f4"}
,"/home/camille/repos/many-words/server/src/exercises/models/word.model.ts": {"path":"/home/camille/repos/many-words/server/src/exercises/models/word.model.ts","statementMap":{"0":{"start":{"line":5,"column":19},"end":{"line":5,"column":27}},"1":{"start":{"line":7,"column":19},"end":{"line":20,"column":2}},"2":{"start":{"line":22,"column":18},"end":{"line":22,"column":66}}},"fnMap":{},"branchMap":{},"s":{"0":1,"1":1,"2":1},"f":{},"b":{},"_coverageSchema":"1a1c01bbd47fc00a2c39e90264f33305004495a9","hash":"595ec36b7097d33ef8942c6e23c6e5746217eec0"}
,"/home/camille/repos/many-words/server/src/stats/constants.ts": {"path":"/home/camille/repos/many-words/server/src/stats/constants.ts","statementMap":{"0":{"start":{"line":2,"column":29},"end":{"line":2,"column":30}},"1":{"start":{"line":4,"column":28},"end":{"line":4,"column":29}},"2":{"start":{"line":6,"column":33},"end":{"line":6,"column":34}},"3":{"start":{"line":8,"column":27},"end":{"line":8,"column":28}},"4":{"start":{"line":10,"column":25},"end":{"line":10,"column":26}},"5":{"start":{"line":12,"column":24},"end":{"line":12,"column":25}},"6":{"start":{"line":14,"column":43},"end":{"line":14,"column":79}},"7":{"start":{"line":17,"column":31},"end":{"line":17,"column":34}},"8":{"start":{"line":19,"column":30},"end":{"line":19,"column":33}}},"fnMap":{},"branchMap":{},"s":{"0":6,"1":6,"2":6,"3":6,"4":6,"5":6,"6":6,"7":6,"8":6},"f":{},"b":{},"_coverageSchema":"1a1c01bbd47fc00a2c39e90264f33305004495a9","hash":"aa7be6e021bd2d4fffce62a9cf1b849057316de1"}
,"/home/camille/repos/many-words/server/src/stats/helpers/global/reduceWordsVariation.function.ts": {"path":"/home/camille/repos/many-words/server/src/stats/helpers/global/reduceWordsVariation.function.ts","statementMap":{"0":{"start":{"line":6,"column":29},"end":{"line":39,"column":1}},"1":{"start":{"line":7,"column":32},"end":{"line":12,"column":7}},"2":{"start":{"line":8,"column":4},"end":{"line":10,"column":5}},"3":{"start":{"line":9,"column":6},"end":{"line":9,"column":26}},"4":{"start":{"line":11,"column":4},"end":{"line":11,"column":20}},"5":{"start":{"line":14,"column":30},"end":{"line":22,"column":3}},"6":{"start":{"line":16,"column":6},"end":{"line":18,"column":7}},"7":{"start":{"line":17,"column":8},"end":{"line":17,"column":35}},"8":{"start":{"line":19,"column":6},"end":{"line":19,"column":57}},"9":{"start":{"line":24,"column":29},"end":{"line":32,"column":3}},"10":{"start":{"line":26,"column":6},"end":{"line":28,"column":7}},"11":{"start":{"line":27,"column":8},"end":{"line":27,"column":34}},"12":{"start":{"line":29,"column":6},"end":{"line":29,"column":55}},"13":{"start":{"line":34,"column":2},"end":{"line":38,"column":4}}},"fnMap":{"0":{"name":"(anonymous_0)","decl":{"start":{"line":6,"column":29},"end":{"line":6,"column":30}},"loc":{"start":{"line":6,"column":76},"end":{"line":39,"column":1}},"line":6},"1":{"name":"(anonymous_1)","decl":{"start":{"line":7,"column":51},"end":{"line":7,"column":52}},"loc":{"start":{"line":7,"column":77},"end":{"line":12,"column":3}},"line":7},"2":{"name":"(anonymous_2)","decl":{"start":{"line":15,"column":4},"end":{"line":15,"column":5}},"loc":{"start":{"line":15,"column":41},"end":{"line":20,"column":5}},"line":15},"3":{"name":"(anonymous_3)","decl":{"start":{"line":25,"column":4},"end":{"line":25,"column":5}},"loc":{"start":{"line":25,"column":40},"end":{"line":30,"column":5}},"line":25}},"branchMap":{"0":{"loc":{"start":{"line":8,"column":4},"end":{"line":10,"column":5}},"type":"if","locations":[{"start":{"line":8,"column":4},"end":{"line":10,"column":5}},{"start":{"line":8,"column":4},"end":{"line":10,"column":5}}],"line":8},"1":{"loc":{"start":{"line":16,"column":6},"end":{"line":18,"column":7}},"type":"if","locations":[{"start":{"line":16,"column":6},"end":{"line":18,"column":7}},{"start":{"line":16,"column":6},"end":{"line":18,"column":7}}],"line":16},"2":{"loc":{"start":{"line":26,"column":6},"end":{"line":28,"column":7}},"type":"if","locations":[{"start":{"line":26,"column":6},"end":{"line":28,"column":7}},{"start":{"line":26,"column":6},"end":{"line":28,"column":7}}],"line":26}},"s":{"0":2,"1":7,"2":39,"3":21,"4":18,"5":7,"6":39,"7":21,"8":18,"9":7,"10":39,"11":33,"12":6,"13":7},"f":{"0":7,"1":39,"2":39,"3":39},"b":{"0":[21,18],"1":[21,18],"2":[33,6]},"_coverageSchema":"1a1c01bbd47fc00a2c39e90264f33305004495a9","hash":"6f406f3378807d5888c442ae425297de1cd5f7f4"}
,"/home/camille/repos/many-words/server/src/stats/helpers/global/updateGlobalLessonsStats.function.ts": {"path":"/home/camille/repos/many-words/server/src/stats/helpers/global/updateGlobalLessonsStats.function.ts","statementMap":{"0":{"start":{"line":8,"column":33},"end":{"line":29,"column":1}},"1":{"start":{"line":12,"column":25},"end":{"line":12,"column":58}},"2":{"start":{"line":13,"column":21},"end":{"line":13,"column":22}},"3":{"start":{"line":14,"column":20},"end":{"line":14,"column":21}},"4":{"start":{"line":17,"column":17},"end":{"line":17,"column":62}},"5":{"start":{"line":20,"column":2},"end":{"line":26,"column":5}},"6":{"start":{"line":21,"column":4},"end":{"line":25,"column":5}},"7":{"start":{"line":22,"column":6},"end":{"line":22,"column":23}},"8":{"start":{"line":23,"column":11},"end":{"line":25,"column":5}},"9":{"start":{"line":24,"column":6},"end":{"line":24,"column":24}},"10":{"start":{"line":28,"column":2},"end":{"line":28,"column":55}}},"fnMap":{"0":{"name":"(anonymous_0)","decl":{"start":{"line":8,"column":33},"end":{"line":8,"column":34}},"loc":{"start":{"line":10,"column":25},"end":{"line":29,"column":1}},"line":10},"1":{"name":"(anonymous_1)","decl":{"start":{"line":20,"column":17},"end":{"line":20,"column":18}},"loc":{"start":{"line":20,"column":28},"end":{"line":26,"column":3}},"line":20}},"branchMap":{"0":{"loc":{"start":{"line":21,"column":4},"end":{"line":25,"column":5}},"type":"if","locations":[{"start":{"line":21,"column":4},"end":{"line":25,"column":5}},{"start":{"line":21,"column":4},"end":{"line":25,"column":5}}],"line":21},"1":{"loc":{"start":{"line":23,"column":11},"end":{"line":25,"column":5}},"type":"if","locations":[{"start":{"line":23,"column":11},"end":{"line":25,"column":5}},{"start":{"line":23,"column":11},"end":{"line":25,"column":5}}],"line":23}},"s":{"0":2,"1":7,"2":7,"3":7,"4":7,"5":7,"6":33,"7":7,"8":26,"9":9,"10":7},"f":{"0":7,"1":33},"b":{"0":[7,26],"1":[9,17]},"_coverageSchema":"1a1c01bbd47fc00a2c39e90264f33305004495a9","hash":"a25e9d227765bc2e13534d6493c20628415394e0"}
,"/home/camille/repos/many-words/server/src/stats/helpers/global/updateGlobalStats.function.ts": {"path":"/home/camille/repos/many-words/server/src/stats/helpers/global/updateGlobalStats.function.ts","statementMap":{"0":{"start":{"line":17,"column":26},"end":{"line":58,"column":1}},"1":{"start":{"line":22,"column":50},"end":{"line":22,"column":61}},"2":{"start":{"line":29,"column":6},"end":{"line":29,"column":39}},"3":{"start":{"line":31,"column":30},"end":{"line":31,"column":66}},"4":{"start":{"line":32,"column":28},"end":{"line":32,"column":60}},"5":{"start":{"line":33,"column":27},"end":{"line":33,"column":57}},"6":{"start":{"line":37,"column":4},"end":{"line":40,"column":68}},"7":{"start":{"line":47,"column":6},"end":{"line":47,"column":45}},"8":{"start":{"line":49,"column":2},"end":{"line":57,"column":4}}},"fnMap":{"0":{"name":"(anonymous_0)","decl":{"start":{"line":17,"column":26},"end":{"line":17,"column":27}},"loc":{"start":{"line":21,"column":18},"end":{"line":58,"column":1}},"line":21}},"branchMap":{},"s":{"0":1,"1":4,"2":4,"3":4,"4":4,"5":4,"6":4,"7":4,"8":4},"f":{"0":4},"b":{},"_coverageSchema":"1a1c01bbd47fc00a2c39e90264f33305004495a9","hash":"99cedb5d28566a8efec0d7634763e61bfbe16246"}
,"/home/camille/repos/many-words/server/src/stats/helpers/lessons/getLessonsScoreVariation.function.ts": {"path":"/home/camille/repos/many-words/server/src/stats/helpers/lessons/getLessonsScoreVariation.function.ts","statementMap":{"0":{"start":{"line":7,"column":33},"end":{"line":43,"column":1}},"1":{"start":{"line":10,"column":56},"end":{"line":10,"column":58}},"2":{"start":{"line":12,"column":2},"end":{"line":40,"column":5}},"3":{"start":{"line":13,"column":23},"end":{"line":13,"column":44}},"4":{"start":{"line":14,"column":37},"end":{"line":14,"column":48}},"5":{"start":{"line":17,"column":4},"end":{"line":23,"column":5}},"6":{"start":{"line":18,"column":6},"end":{"line":22,"column":8}},"7":{"start":{"line":25,"column":29},"end":{"line":27,"column":5}},"8":{"start":{"line":26,"column":23},"end":{"line":26,"column":53}},"9":{"start":{"line":28,"column":4},"end":{"line":39,"column":5}},"10":{"start":{"line":30,"column":6},"end":{"line":32,"column":47}},"11":{"start":{"line":35,"column":6},"end":{"line":38,"column":9}},"12":{"start":{"line":42,"column":2},"end":{"line":42,"column":31}}},"fnMap":{"0":{"name":"(anonymous_0)","decl":{"start":{"line":7,"column":33},"end":{"line":7,"column":34}},"loc":{"start":{"line":9,"column":29},"end":{"line":43,"column":1}},"line":9},"1":{"name":"(anonymous_1)","decl":{"start":{"line":12,"column":23},"end":{"line":12,"column":24}},"loc":{"start":{"line":12,"column":40},"end":{"line":40,"column":3}},"line":12},"2":{"name":"(anonymous_2)","decl":{"start":{"line":26,"column":6},"end":{"line":26,"column":7}},"loc":{"start":{"line":26,"column":23},"end":{"line":26,"column":53}},"line":26}},"branchMap":{"0":{"loc":{"start":{"line":17,"column":4},"end":{"line":23,"column":5}},"type":"if","locations":[{"start":{"line":17,"column":4},"end":{"line":23,"column":5}},{"start":{"line":17,"column":4},"end":{"line":23,"column":5}}],"line":17},"1":{"loc":{"start":{"line":28,"column":4},"end":{"line":39,"column":5}},"type":"if","locations":[{"start":{"line":28,"column":4},"end":{"line":39,"column":5}},{"start":{"line":28,"column":4},"end":{"line":39,"column":5}}],"line":28}},"s":{"0":2,"1":5,"2":5,"3":25,"4":25,"5":25,"6":0,"7":25,"8":28,"9":25,"10":14,"11":11,"12":5},"f":{"0":5,"1":25,"2":28},"b":{"0":[0,25],"1":[14,11]},"_coverageSchema":"1a1c01bbd47fc00a2c39e90264f33305004495a9","hash":"9af6e41c0e8eba0aeb9f545e6419cb6de3c7f757"}
,"/home/camille/repos/many-words/server/src/stats/helpers/lessons/updateLessonsStats.function.ts": {"path":"/home/camille/repos/many-words/server/src/stats/helpers/lessons/updateLessonsStats.function.ts","statementMap":{"0":{"start":{"line":13,"column":27},"end":{"line":35,"column":1}},"1":{"start":{"line":17,"column":32},"end":{"line":17,"column":70}},"2":{"start":{"line":18,"column":31},"end":{"line":18,"column":55}},"3":{"start":{"line":20,"column":2},"end":{"line":32,"column":5}},"4":{"start":{"line":21,"column":39},"end":{"line":21,"column":59}},"5":{"start":{"line":22,"column":26},"end":{"line":22,"column":54}},"6":{"start":{"line":23,"column":26},"end":{"line":23,"column":51}},"7":{"start":{"line":27,"column":6},"end":{"line":28,"column":19}},"8":{"start":{"line":31,"column":4},"end":{"line":31,"column":44}},"9":{"start":{"line":34,"column":2},"end":{"line":34,"column":30}}},"fnMap":{"0":{"name":"(anonymous_0)","decl":{"start":{"line":13,"column":27},"end":{"line":13,"column":28}},"loc":{"start":{"line":16,"column":20},"end":{"line":35,"column":1}},"line":16},"1":{"name":"(anonymous_1)","decl":{"start":{"line":20,"column":32},"end":{"line":20,"column":33}},"loc":{"start":{"line":20,"column":58},"end":{"line":32,"column":3}},"line":20}},"branchMap":{"0":{"loc":{"start":{"line":22,"column":26},"end":{"line":22,"column":54}},"type":"binary-expr","locations":[{"start":{"line":22,"column":26},"end":{"line":22,"column":49}},{"start":{"line":22,"column":53},"end":{"line":22,"column":54}}],"line":22}},"s":{"0":1,"1":3,"2":3,"3":3,"4":6,"5":6,"6":6,"7":6,"8":6,"9":3},"f":{"0":3,"1":6},"b":{"0":[6,1]},"_coverageSchema":"1a1c01bbd47fc00a2c39e90264f33305004495a9","hash":"71d270c9209edab929557a036711f382f39b64fe"}
,"/home/camille/repos/many-words/server/src/stats/helpers/topics/updateTopicsStats.function.ts": {"path":"/home/camille/repos/many-words/server/src/stats/helpers/topics/updateTopicsStats.function.ts","statementMap":{"0":{"start":{"line":10,"column":26},"end":{"line":55,"column":1}},"1":{"start":{"line":11,"column":43},"end":{"line":11,"column":45}},"2":{"start":{"line":14,"column":2},"end":{"line":52,"column":5}},"3":{"start":{"line":15,"column":4},"end":{"line":17,"column":5}},"4":{"start":{"line":16,"column":6},"end":{"line":16,"column":68}},"5":{"start":{"line":18,"column":16},"end":{"line":18,"column":17}},"6":{"start":{"line":19,"column":15},"end":{"line":19,"column":16}},"7":{"start":{"line":20,"column":28},"end":{"line":20,"column":33}},"8":{"start":{"line":23,"column":4},"end":{"line":39,"column":7}},"9":{"start":{"line":24,"column":6},"end":{"line":26,"column":7}},"10":{"start":{"line":25,"column":8},"end":{"line":25,"column":72}},"11":{"start":{"line":27,"column":26},"end":{"line":27,"column":49}},"12":{"start":{"line":28,"column":6},"end":{"line":31,"column":7}},"13":{"start":{"line":30,"column":8},"end":{"line":30,"column":15}},"14":{"start":{"line":32,"column":6},"end":{"line":32,"column":31}},"15":{"start":{"line":34,"column":6},"end":{"line":38,"column":7}},"16":{"start":{"line":35,"column":8},"end":{"line":35,"column":18}},"17":{"start":{"line":36,"column":13},"end":{"line":38,"column":7}},"18":{"start":{"line":37,"column":8},"end":{"line":37,"column":19}},"19":{"start":{"line":43,"column":4},"end":{"line":51,"column":5}},"20":{"start":{"line":44,"column":6},"end":{"line":50,"column":9}},"21":{"start":{"line":54,"column":2},"end":{"line":54,"column":28}}},"fnMap":{"0":{"name":"(anonymous_0)","decl":{"start":{"line":10,"column":26},"end":{"line":10,"column":27}},"loc":{"start":{"line":10,"column":74},"end":{"line":55,"column":1}},"line":10},"1":{"name":"(anonymous_1)","decl":{"start":{"line":14,"column":34},"end":{"line":14,"column":35}},"loc":{"start":{"line":14,"column":45},"end":{"line":52,"column":3}},"line":14},"2":{"name":"(anonymous_2)","decl":{"start":{"line":23,"column":34},"end":{"line":23,"column":35}},"loc":{"start":{"line":23,"column":46},"end":{"line":39,"column":5}},"line":23}},"branchMap":{"0":{"loc":{"start":{"line":15,"column":4},"end":{"line":17,"column":5}},"type":"if","locations":[{"start":{"line":15,"column":4},"end":{"line":17,"column":5}},{"start":{"line":15,"column":4},"end":{"line":17,"column":5}}],"line":15},"1":{"loc":{"start":{"line":24,"column":6},"end":{"line":26,"column":7}},"type":"if","locations":[{"start":{"line":24,"column":6},"end":{"line":26,"column":7}},{"start":{"line":24,"column":6},"end":{"line":26,"column":7}}],"line":24},"2":{"loc":{"start":{"line":28,"column":6},"end":{"line":31,"column":7}},"type":"if","locations":[{"start":{"line":28,"column":6},"end":{"line":31,"column":7}},{"start":{"line":28,"column":6},"end":{"line":31,"column":7}}],"line":28},"3":{"loc":{"start":{"line":34,"column":6},"end":{"line":38,"column":7}},"type":"if","locations":[{"start":{"line":34,"column":6},"end":{"line":38,"column":7}},{"start":{"line":34,"column":6},"end":{"line":38,"column":7}}],"line":34},"4":{"loc":{"start":{"line":36,"column":13},"end":{"line":38,"column":7}},"type":"if","locations":[{"start":{"line":36,"column":13},"end":{"line":38,"column":7}},{"start":{"line":36,"column":13},"end":{"line":38,"column":7}}],"line":36},"5":{"loc":{"start":{"line":43,"column":4},"end":{"line":51,"column":5}},"type":"if","locations":[{"start":{"line":43,"column":4},"end":{"line":51,"column":5}},{"start":{"line":43,"column":4},"end":{"line":51,"column":5}}],"line":43}},"s":{"0":1,"1":4,"2":4,"3":48,"4":0,"5":48,"6":48,"7":48,"8":48,"9":208,"10":0,"11":208,"12":208,"13":190,"14":18,"15":18,"16":5,"17":13,"18":6,"19":48,"20":7,"21":4},"f":{"0":4,"1":48,"2":208},"b":{"0":[0,48],"1":[0,208],"2":[190,18],"3":[5,13],"4":[6,7],"5":[7,41]},"_coverageSchema":"1a1c01bbd47fc00a2c39e90264f33305004495a9","hash":"bb1191fbe6dc873606973a0566f14ba5c3817007"}
,"/home/camille/repos/many-words/server/src/stats/helpers/words/getWordScoreVariation.function.ts": {"path":"/home/camille/repos/many-words/server/src/stats/helpers/words/getWordScoreVariation.function.ts","statementMap":{"0":{"start":{"line":7,"column":30},"end":{"line":39,"column":1}},"1":{"start":{"line":11,"column":2},"end":{"line":37,"column":3}},"2":{"start":{"line":12,"column":4},"end":{"line":18,"column":5}},"3":{"start":{"line":14,"column":6},"end":{"line":14,"column":15}},"4":{"start":{"line":17,"column":6},"end":{"line":17,"column":22}},"5":{"start":{"line":19,"column":9},"end":{"line":37,"column":3}},"6":{"start":{"line":20,"column":4},"end":{"line":28,"column":5}},"7":{"start":{"line":22,"column":6},"end":{"line":22,"column":28}},"8":{"start":{"line":23,"column":11},"end":{"line":28,"column":5}},"9":{"start":{"line":24,"column":6},"end":{"line":24,"column":38}},"10":{"start":{"line":27,"column":6},"end":{"line":27,"column":54}},"11":{"start":{"line":31,"column":4},"end":{"line":36,"column":5}},"12":{"start":{"line":32,"column":6},"end":{"line":32,"column":49}},"13":{"start":{"line":35,"column":6},"end":{"line":35,"column":15}},"14":{"start":{"line":38,"column":2},"end":{"line":38,"column":11}}},"fnMap":{"0":{"name":"(anonymous_0)","decl":{"start":{"line":7,"column":30},"end":{"line":7,"column":31}},"loc":{"start":{"line":10,"column":13},"end":{"line":39,"column":1}},"line":10}},"branchMap":{"0":{"loc":{"start":{"line":11,"column":2},"end":{"line":37,"column":3}},"type":"if","locations":[{"start":{"line":11,"column":2},"end":{"line":37,"column":3}},{"start":{"line":11,"column":2},"end":{"line":37,"column":3}}],"line":11},"1":{"loc":{"start":{"line":12,"column":4},"end":{"line":18,"column":5}},"type":"if","locations":[{"start":{"line":12,"column":4},"end":{"line":18,"column":5}},{"start":{"line":12,"column":4},"end":{"line":18,"column":5}}],"line":12},"2":{"loc":{"start":{"line":19,"column":9},"end":{"line":37,"column":3}},"type":"if","locations":[{"start":{"line":19,"column":9},"end":{"line":37,"column":3}},{"start":{"line":19,"column":9},"end":{"line":37,"column":3}}],"line":19},"3":{"loc":{"start":{"line":19,"column":13},"end":{"line":19,"column":76}},"type":"binary-expr","locations":[{"start":{"line":19,"column":13},"end":{"line":19,"column":31}},{"start":{"line":19,"column":35},"end":{"line":19,"column":76}}],"line":19},"4":{"loc":{"start":{"line":20,"column":4},"end":{"line":28,"column":5}},"type":"if","locations":[{"start":{"line":20,"column":4},"end":{"line":28,"column":5}},{"start":{"line":20,"column":4},"end":{"line":28,"column":5}}],"line":20},"5":{"loc":{"start":{"line":23,"column":11},"end":{"line":28,"column":5}},"type":"if","locations":[{"start":{"line":23,"column":11},"end":{"line":28,"column":5}},{"start":{"line":23,"column":11},"end":{"line":28,"column":5}}],"line":23},"6":{"loc":{"start":{"line":31,"column":4},"end":{"line":36,"column":5}},"type":"if","locations":[{"start":{"line":31,"column":4},"end":{"line":36,"column":5}},{"start":{"line":31,"column":4},"end":{"line":36,"column":5}}],"line":31}},"s":{"0":1,"1":11,"2":2,"3":2,"4":0,"5":9,"6":8,"7":2,"8":6,"9":4,"10":2,"11":1,"12":0,"13":1,"14":0},"f":{"0":11},"b":{"0":[2,9],"1":[2,0],"2":[8,1],"3":[9,9],"4":[2,6],"5":[4,2],"6":[0,1]},"_coverageSchema":"1a1c01bbd47fc00a2c39e90264f33305004495a9","hash":"d0617ef288371782e71d170c28af61e48ff26eb3"}
,"/home/camille/repos/many-words/server/src/stats/helpers/words/updateFormsStats.function.ts": {"path":"/home/camille/repos/many-words/server/src/stats/helpers/words/updateFormsStats.function.ts","statementMap":{"0":{"start":{"line":8,"column":25},"end":{"line":25,"column":1}},"1":{"start":{"line":12,"column":2},"end":{"line":24,"column":5}},"2":{"start":{"line":13,"column":48},"end":{"line":13,"column":58}},"3":{"start":{"line":14,"column":4},"end":{"line":22,"column":5}},"4":{"start":{"line":16,"column":6},"end":{"line":20,"column":7}},"5":{"start":{"line":17,"column":8},"end":{"line":17,"column":43}},"6":{"start":{"line":19,"column":8},"end":{"line":19,"column":45}},"7":{"start":{"line":21,"column":6},"end":{"line":21,"column":51}},"8":{"start":{"line":23,"column":4},"end":{"line":23,"column":21}}},"fnMap":{"0":{"name":"(anonymous_0)","decl":{"start":{"line":8,"column":25},"end":{"line":8,"column":26}},"loc":{"start":{"line":11,"column":18},"end":{"line":25,"column":1}},"line":11},"1":{"name":"(anonymous_1)","decl":{"start":{"line":12,"column":24},"end":{"line":12,"column":25}},"loc":{"start":{"line":12,"column":39},"end":{"line":24,"column":3}},"line":12}},"branchMap":{"0":{"loc":{"start":{"line":14,"column":4},"end":{"line":22,"column":5}},"type":"if","locations":[{"start":{"line":14,"column":4},"end":{"line":22,"column":5}},{"start":{"line":14,"column":4},"end":{"line":22,"column":5}}],"line":14},"1":{"loc":{"start":{"line":14,"column":8},"end":{"line":14,"column":66}},"type":"binary-expr","locations":[{"start":{"line":14,"column":8},"end":{"line":14,"column":39}},{"start":{"line":14,"column":43},"end":{"line":14,"column":66}}],"line":14},"2":{"loc":{"start":{"line":16,"column":6},"end":{"line":20,"column":7}},"type":"if","locations":[{"start":{"line":16,"column":6},"end":{"line":20,"column":7}},{"start":{"line":16,"column":6},"end":{"line":20,"column":7}}],"line":16}},"s":{"0":1,"1":3,"2":9,"3":9,"4":3,"5":1,"6":2,"7":3,"8":6},"f":{"0":3,"1":9},"b":{"0":[3,6],"1":[9,5],"2":[1,2]},"_coverageSchema":"1a1c01bbd47fc00a2c39e90264f33305004495a9","hash":"5e12ca63de9aa843e72fc4dd835f4d89ff390090"}
,"/home/camille/repos/many-words/server/src/stats/helpers/words/updateWordScores.function.ts": {"path":"/home/camille/repos/many-words/server/src/stats/helpers/words/updateWordScores.function.ts","statementMap":{"0":{"start":{"line":8,"column":25},"end":{"line":67,"column":1}},"1":{"start":{"line":15,"column":30},"end":{"line":15,"column":44}},"2":{"start":{"line":16,"column":28},"end":{"line":16,"column":40}},"3":{"start":{"line":17,"column":19},"end":{"line":17,"column":20}},"4":{"start":{"line":18,"column":18},"end":{"line":18,"column":19}},"5":{"start":{"line":21,"column":2},"end":{"line":58,"column":3}},"6":{"start":{"line":22,"column":4},"end":{"line":22,"column":41}},"7":{"start":{"line":23,"column":4},"end":{"line":23,"column":47}},"8":{"start":{"line":24,"column":4},"end":{"line":38,"column":5}},"9":{"start":{"line":30,"column":6},"end":{"line":30,"column":21}},"10":{"start":{"line":31,"column":11},"end":{"line":38,"column":5}},"11":{"start":{"line":36,"column":6},"end":{"line":36,"column":22}},"12":{"start":{"line":37,"column":6},"end":{"line":37,"column":20}},"13":{"start":{"line":41,"column":4},"end":{"line":41,"column":43}},"14":{"start":{"line":42,"column":4},"end":{"line":42,"column":43}},"15":{"start":{"line":43,"column":4},"end":{"line":57,"column":5}},"16":{"start":{"line":49,"column":6},"end":{"line":49,"column":21}},"17":{"start":{"line":50,"column":6},"end":{"line":50,"column":21}},"18":{"start":{"line":51,"column":11},"end":{"line":57,"column":5}},"19":{"start":{"line":56,"column":6},"end":{"line":56,"column":22}},"20":{"start":{"line":60,"column":2},"end":{"line":66,"column":4}}},"fnMap":{"0":{"name":"(anonymous_0)","decl":{"start":{"line":8,"column":25},"end":{"line":8,"column":26}},"loc":{"start":{"line":13,"column":24},"end":{"line":67,"column":1}},"line":13}},"branchMap":{"0":{"loc":{"start":{"line":21,"column":2},"end":{"line":58,"column":3}},"type":"if","locations":[{"start":{"line":21,"column":2},"end":{"line":58,"column":3}},{"start":{"line":21,"column":2},"end":{"line":58,"column":3}}],"line":21},"1":{"loc":{"start":{"line":24,"column":4},"end":{"line":38,"column":5}},"type":"if","locations":[{"start":{"line":24,"column":4},"end":{"line":38,"column":5}},{"start":{"line":24,"column":4},"end":{"line":38,"column":5}}],"line":24},"2":{"loc":{"start":{"line":25,"column":6},"end":{"line":27,"column":40}},"type":"binary-expr","locations":[{"start":{"line":25,"column":6},"end":{"line":25,"column":48}},{"start":{"line":26,"column":6},"end":{"line":26,"column":46}},{"start":{"line":27,"column":6},"end":{"line":27,"column":40}}],"line":25},"3":{"loc":{"start":{"line":31,"column":11},"end":{"line":38,"column":5}},"type":"if","locations":[{"start":{"line":31,"column":11},"end":{"line":38,"column":5}},{"start":{"line":31,"column":11},"end":{"line":38,"column":5}}],"line":31},"4":{"loc":{"start":{"line":32,"column":6},"end":{"line":33,"column":39}},"type":"binary-expr","locations":[{"start":{"line":32,"column":6},"end":{"line":32,"column":47}},{"start":{"line":33,"column":6},"end":{"line":33,"column":39}}],"line":32},"5":{"loc":{"start":{"line":43,"column":4},"end":{"line":57,"column":5}},"type":"if","locations":[{"start":{"line":43,"column":4},"end":{"line":57,"column":5}},{"start":{"line":43,"column":4},"end":{"line":57,"column":5}}],"line":43},"6":{"loc":{"start":{"line":44,"column":6},"end":{"line":46,"column":40}},"type":"binary-expr","locations":[{"start":{"line":44,"column":6},"end":{"line":44,"column":48}},{"start":{"line":45,"column":6},"end":{"line":45,"column":46}},{"start":{"line":46,"column":6},"end":{"line":46,"column":40}}],"line":44},"7":{"loc":{"start":{"line":51,"column":11},"end":{"line":57,"column":5}},"type":"if","locations":[{"start":{"line":51,"column":11},"end":{"line":57,"column":5}},{"start":{"line":51,"column":11},"end":{"line":57,"column":5}}],"line":51},"8":{"loc":{"start":{"line":52,"column":6},"end":{"line":53,"column":41}},"type":"binary-expr","locations":[{"start":{"line":52,"column":6},"end":{"line":52,"column":47}},{"start":{"line":53,"column":6},"end":{"line":53,"column":41}}],"line":52}},"s":{"0":1,"1":8,"2":8,"3":8,"4":8,"5":8,"6":4,"7":4,"8":4,"9":1,"10":3,"11":1,"12":1,"13":4,"14":4,"15":4,"16":1,"17":1,"18":3,"19":1,"20":8},"f":{"0":8},"b":{"0":[4,4],"1":[1,3],"2":[4,3,1],"3":[1,2],"4":[3,2],"5":[1,3],"6":[4,2,1],"7":[1,2],"8":[3,2]},"_coverageSchema":"1a1c01bbd47fc00a2c39e90264f33305004495a9","hash":"2d7321d1e4e87d5c7d13c544f89cab1cf83938e4"}
,"/home/camille/repos/many-words/server/src/stats/interfaces/formStats.interface.ts": {"path":"/home/camille/repos/many-words/server/src/stats/interfaces/formStats.interface.ts","statementMap":{},"fnMap":{},"branchMap":{},"s":{},"f":{},"b":{},"_coverageSchema":"1a1c01bbd47fc00a2c39e90264f33305004495a9","hash":"46eb4d05eebd31ada7cd32907a799799806912c0"}
,"/home/camille/repos/many-words/server/src/stats/models/wordStats.model.ts": {"path":"/home/camille/repos/many-words/server/src/stats/models/wordStats.model.ts","statementMap":{"0":{"start":{"line":5,"column":19},"end":{"line":5,"column":27}},"1":{"start":{"line":7,"column":24},"end":{"line":26,"column":1}},"2":{"start":{"line":28,"column":23},"end":{"line":31,"column":1}}},"fnMap":{},"branchMap":{},"s":{"0":1,"1":1,"2":1},"f":{},"b":{},"_coverageSchema":"1a1c01bbd47fc00a2c39e90264f33305004495a9","hash":"85b50a05114bf09d450f721f4c21df447f5dd2fa"}
}
