TN:
SF:src/exercises/data/globalStats.ts
FNF:0
FNH:0
DA:1,1
LF:1
LH:1
BRF:0
BRH:0
end_of_record
TN:
SF:src/exercises/data/lessonsByTopic.ts
FNF:0
FNH:0
DA:1,1
LF:1
LH:1
BRF:0
BRH:0
end_of_record
TN:
SF:src/exercises/data/wordCountByLesson.ts
FNF:0
FNH:0
DA:1,2
LF:1
LH:1
BRF:0
BRH:0
end_of_record
TN:
SF:src/exercises/helpers/appendWeakestForms.function.ts
FN:8,(anonymous_0)
FN:12,(anonymous_1)
FN:16,(anonymous_2)
FNF:3
FNH:3
FNDA:4,(anonymous_0)
FNDA:8,(anonymous_1)
FNDA:25,(anonymous_2)
DA:8,1
DA:12,4
DA:13,8
DA:14,8
DA:15,5
DA:16,5
DA:17,25
DA:18,9
DA:19,9
DA:20,16
DA:21,7
DA:25,8
DA:26,8
DA:31,4
LF:14
LH:14
BRDA:14,0,0,5
BRDA:14,0,1,3
BRDA:17,1,0,9
BRDA:17,1,1,16
BRDA:20,2,0,7
BRDA:20,2,1,9
BRF:6
BRH:6
end_of_record
TN:
SF:src/exercises/helpers/sortWordStats.function.ts
FN:3,(anonymous_0)
FN:4,(anonymous_1)
FNF:2
FNH:2
FNDA:4,(anonymous_0)
FNDA:9,(anonymous_1)
DA:3,1
DA:4,4
DA:5,9
LF:3
LH:3
BRF:0
BRH:0
end_of_record
TN:
SF:src/exercises/interfaces/lesson.type.ts
FN:6,(anonymous_0)
FNF:1
FNH:1
FNDA:156,(anonymous_0)
DA:6,1
DA:7,156
LF:2
LH:2
BRF:0
BRH:0
end_of_record
TN:
SF:src/exercises/interfaces/topic.type.ts
FN:6,(anonymous_0)
FNF:1
FNH:1
FNDA:36,(anonymous_0)
DA:6,1
DA:7,36
LF:2
LH:2
BRF:0
BRH:0
end_of_record
TN:
SF:src/exercises/models/word.model.ts
FNF:0
FNH:0
DA:5,1
DA:7,1
DA:22,1
LF:3
LH:3
BRF:0
BRH:0
end_of_record
TN:
SF:src/stats/constants.ts
FNF:0
FNH:0
DA:2,6
DA:4,6
DA:6,6
DA:8,6
DA:10,6
DA:12,6
DA:14,6
DA:17,6
DA:19,6
LF:9
LH:9
BRF:0
BRH:0
end_of_record
TN:
SF:src/stats/helpers/global/reduceWordsVariation.function.ts
FN:6,(anonymous_0)
FN:7,(anonymous_1)
FN:15,(anonymous_2)
FN:25,(anonymous_3)
FNF:4
FNH:4
FNDA:7,(anonymous_0)
FNDA:39,(anonymous_1)
FNDA:39,(anonymous_2)
FNDA:39,(anonymous_3)
DA:6,2
DA:7,7
DA:8,39
DA:9,21
DA:11,18
DA:14,7
DA:16,39
DA:17,21
DA:19,18
DA:24,7
DA:26,39
DA:27,33
DA:29,6
DA:34,7
LF:14
LH:14
BRDA:8,0,0,21
BRDA:8,0,1,18
BRDA:16,1,0,21
BRDA:16,1,1,18
BRDA:26,2,0,33
BRDA:26,2,1,6
BRF:6
BRH:6
end_of_record
TN:
SF:src/stats/helpers/global/updateGlobalLessonsStats.function.ts
FN:8,(anonymous_0)
FN:18,(anonymous_1)
FN:28,(anonymous_2)
FNF:3
FNH:3
FNDA:7,(anonymous_0)
FNDA:14,(anonymous_1)
FNDA:33,(anonymous_2)
DA:8,2
DA:11,7
DA:12,7
DA:13,7
DA:16,7
DA:18,7
DA:19,14
DA:20,0
DA:23,14
DA:25,14
DA:28,14
DA:29,33
DA:30,7
DA:31,26
DA:32,9
DA:37,7
LF:16
LH:15
BRDA:19,0,0,0
BRDA:19,0,1,14
BRDA:29,1,0,7
BRDA:29,1,1,26
BRDA:31,2,0,9
BRDA:31,2,1,17
BRF:6
BRH:5
end_of_record
TN:
SF:src/stats/helpers/global/updateGlobalStats.function.ts
FN:18,(anonymous_0)
FNF:1
FNH:1
FNDA:4,(anonymous_0)
DA:18,1
DA:23,4
DA:30,4
DA:32,4
DA:33,4
DA:34,4
DA:38,4
DA:42,4
DA:49,4
DA:51,4
LF:10
LH:10
BRF:0
BRH:0
end_of_record
TN:
SF:src/stats/helpers/lessons/getNewLessonsStats.function.ts
FN:7,(anonymous_0)
FN:10,(anonymous_1)
FN:24,(anonymous_2)
FNF:3
FNH:3
FNDA:5,(anonymous_0)
FNDA:25,(anonymous_1)
FNDA:28,(anonymous_2)
DA:7,2
DA:8,5
DA:10,5
DA:11,25
DA:12,25
DA:15,25
DA:16,0
DA:23,25
DA:24,28
DA:26,25
DA:28,14
DA:33,11
DA:41,5
LF:13
LH:12
BRDA:15,0,0,0
BRDA:15,0,1,25
BRDA:26,1,0,14
BRDA:26,1,1,11
BRF:4
BRH:3
end_of_record
TN:
SF:src/stats/helpers/lessons/updateLessonsStats.function.ts
FN:14,(anonymous_0)
FN:21,(anonymous_1)
FNF:2
FNH:2
FNDA:3,(anonymous_0)
FNDA:6,(anonymous_1)
DA:14,1
DA:18,3
DA:19,3
DA:21,3
DA:22,6
DA:23,6
DA:24,6
DA:28,6
DA:32,6
DA:35,3
LF:10
LH:10
BRDA:23,0,0,6
BRDA:23,0,1,1
BRF:2
BRH:2
end_of_record
TN:
SF:src/stats/helpers/topics/updateTopicsStats.function.ts
FN:13,(anonymous_0)
FN:19,(anonymous_1)
FN:28,(anonymous_2)
FNF:3
FNH:3
FNDA:3,(anonymous_0)
FNDA:36,(anonymous_1)
FNDA:156,(anonymous_2)
DA:13,1
DA:16,3
DA:19,3
DA:20,36
DA:21,0
DA:23,36
DA:24,36
DA:25,36
DA:28,36
DA:29,156
DA:30,0
DA:32,156
DA:33,156
DA:35,138
DA:37,18
DA:38,5
DA:39,13
DA:40,6
DA:45,36
DA:46,36
DA:47,36
DA:50,3
LF:22
LH:20
BRDA:20,0,0,0
BRDA:20,0,1,36
BRDA:29,1,0,0
BRDA:29,1,1,156
BRDA:33,2,0,138
BRDA:33,2,1,18
BRDA:37,3,0,5
BRDA:37,3,1,13
BRDA:39,4,0,6
BRDA:39,4,1,7
BRF:10
BRH:8
end_of_record
TN:
SF:src/stats/helpers/words/getWordScoreVariation.function.ts
FN:7,(anonymous_0)
FNF:1
FNH:1
FNDA:11,(anonymous_0)
DA:7,1
DA:11,11
DA:12,2
DA:14,2
DA:17,0
DA:19,9
DA:20,8
DA:22,2
DA:23,6
DA:24,4
DA:27,2
DA:31,1
DA:32,0
DA:35,1
DA:38,0
LF:15
LH:12
BRDA:11,0,0,2
BRDA:11,0,1,9
BRDA:12,1,0,2
BRDA:12,1,1,0
BRDA:19,2,0,8
BRDA:19,2,1,1
BRDA:19,3,0,9
BRDA:19,3,1,9
BRDA:20,4,0,2
BRDA:20,4,1,6
BRDA:23,5,0,4
BRDA:23,5,1,2
BRDA:31,6,0,0
BRDA:31,6,1,1
BRF:14
BRH:12
end_of_record
TN:
SF:src/stats/helpers/words/updateFormsStats.function.ts
FN:8,(anonymous_0)
FN:12,(anonymous_1)
FNF:2
FNH:2
FNDA:3,(anonymous_0)
FNDA:9,(anonymous_1)
DA:8,1
DA:12,3
DA:13,9
DA:14,9
DA:16,3
DA:17,1
DA:19,2
DA:21,3
DA:23,6
LF:9
LH:9
BRDA:14,0,0,3
BRDA:14,0,1,6
BRDA:14,1,0,9
BRDA:14,1,1,5
BRDA:16,2,0,1
BRDA:16,2,1,2
BRF:6
BRH:6
end_of_record
TN:
SF:src/stats/helpers/words/updateWordScores.function.ts
FN:8,(anonymous_0)
FNF:1
FNH:1
FNDA:8,(anonymous_0)
DA:8,1
DA:15,8
DA:16,8
DA:17,8
DA:18,8
DA:21,8
DA:22,4
DA:23,4
DA:24,4
DA:30,1
DA:31,3
DA:36,1
DA:37,1
DA:41,4
DA:42,4
DA:43,4
DA:49,1
DA:50,1
DA:51,3
DA:56,1
DA:60,8
LF:21
LH:21
BRDA:21,0,0,4
BRDA:21,0,1,4
BRDA:24,1,0,1
BRDA:24,1,1,3
BRDA:25,2,0,4
BRDA:25,2,1,3
BRDA:25,2,2,1
BRDA:31,3,0,1
BRDA:31,3,1,2
BRDA:32,4,0,3
BRDA:32,4,1,2
BRDA:43,5,0,1
BRDA:43,5,1,3
BRDA:44,6,0,4
BRDA:44,6,1,2
BRDA:44,6,2,1
BRDA:51,7,0,1
BRDA:51,7,1,2
BRDA:52,8,0,3
BRDA:52,8,1,2
BRF:20
BRH:20
end_of_record
TN:
SF:src/stats/interfaces/formStats.interface.ts
FNF:0
FNH:0
LF:0
LH:0
BRF:0
BRH:0
end_of_record
TN:
SF:src/stats/models/wordStats.model.ts
FNF:0
FNH:0
DA:5,1
DA:7,1
DA:28,1
LF:3
LH:3
BRF:0
BRH:0
end_of_record
