TN:
SF:src/logger.ts
FN:3,(anonymous_0)
FNF:1
FNH:0
FNDA:0,(anonymous_0)
DA:3,3
DA:4,0
DA:7,3
DA:20,3
DA:21,3
LF:5
LH:4
BRDA:20,0,0,3
BRDA:20,0,1,0
BRF:2
BRH:1
end_of_record
TN:
SF:src/exercises/data/globalStats.ts
FNF:0
FNH:0
DA:1,1
LF:1
LH:1
BRF:0
BRH:0
end_of_record
TN:
SF:src/exercises/data/lessonsByTopic.ts
FNF:0
FNH:0
DA:1,1
LF:1
LH:1
BRF:0
BRH:0
end_of_record
TN:
SF:src/exercises/data/wordCountByLesson.ts
FNF:0
FNH:0
DA:1,2
LF:1
LH:1
BRF:0
BRH:0
end_of_record
TN:
SF:src/exercises/helpers/appendWeakestForms.function.ts
FN:8,(anonymous_0)
FN:12,(anonymous_1)
FN:16,(anonymous_2)
FNF:3
FNH:3
FNDA:4,(anonymous_0)
FNDA:8,(anonymous_1)
FNDA:25,(anonymous_2)
DA:8,1
DA:12,4
DA:13,8
DA:14,8
DA:15,5
DA:16,5
DA:17,25
DA:18,9
DA:19,9
DA:20,16
DA:21,7
DA:25,8
DA:26,8
DA:31,4
LF:14
LH:14
BRDA:14,0,0,5
BRDA:14,0,1,3
BRDA:17,1,0,9
BRDA:17,1,1,16
BRDA:20,2,0,7
BRDA:20,2,1,9
BRF:6
BRH:6
end_of_record
TN:
SF:src/exercises/helpers/sortWordStats.function.ts
FN:3,(anonymous_0)
FN:4,(anonymous_1)
FNF:2
FNH:2
FNDA:4,(anonymous_0)
FNDA:9,(anonymous_1)
DA:3,1
DA:4,4
DA:5,9
LF:3
LH:3
BRF:0
BRH:0
end_of_record
TN:
SF:src/exercises/interfaces/typeguards.ts
FN:5,(anonymous_0)
FN:9,(anonymous_1)
FNF:2
FNH:2
FNDA:48,(anonymous_0)
FNDA:208,(anonymous_1)
DA:5,1
DA:6,48
DA:9,1
DA:10,208
LF:4
LH:4
BRF:0
BRH:0
end_of_record
TN:
SF:src/exercises/models/word.model.ts
FNF:0
FNH:0
DA:5,1
DA:7,1
DA:22,1
LF:3
LH:3
BRF:0
BRH:0
end_of_record
TN:
SF:src/stats/constants.ts
FNF:0
FNH:0
DA:2,6
DA:4,6
DA:6,6
DA:8,6
DA:10,6
DA:12,6
DA:14,6
DA:17,6
DA:19,6
LF:9
LH:9
BRF:0
BRH:0
end_of_record
TN:
SF:src/stats/helpers/global/reduceWordsVariation.function.ts
FN:6,(anonymous_0)
FN:7,(anonymous_1)
FN:15,(anonymous_2)
FN:25,(anonymous_3)
FNF:4
FNH:4
FNDA:7,(anonymous_0)
FNDA:39,(anonymous_1)
FNDA:39,(anonymous_2)
FNDA:39,(anonymous_3)
DA:6,2
DA:7,7
DA:8,39
DA:9,21
DA:11,18
DA:14,7
DA:16,39
DA:17,21
DA:19,18
DA:24,7
DA:26,39
DA:27,33
DA:29,6
DA:34,7
LF:14
LH:14
BRDA:8,0,0,21
BRDA:8,0,1,18
BRDA:16,1,0,21
BRDA:16,1,1,18
BRDA:26,2,0,33
BRDA:26,2,1,6
BRF:6
BRH:6
end_of_record
TN:
SF:src/stats/helpers/global/updateGlobalLessonsStats.function.ts
FN:8,(anonymous_0)
FN:20,(anonymous_1)
FNF:2
FNH:2
FNDA:7,(anonymous_0)
FNDA:33,(anonymous_1)
DA:8,2
DA:12,7
DA:13,7
DA:14,7
DA:17,7
DA:20,7
DA:21,33
DA:22,7
DA:23,26
DA:24,9
DA:28,7
LF:11
LH:11
BRDA:21,0,0,7
BRDA:21,0,1,26
BRDA:23,1,0,9
BRDA:23,1,1,17
BRF:4
BRH:4
end_of_record
TN:
SF:src/stats/helpers/global/updateGlobalStats.function.ts
FN:17,(anonymous_0)
FNF:1
FNH:1
FNDA:4,(anonymous_0)
DA:17,1
DA:22,4
DA:29,4
DA:31,4
DA:32,4
DA:33,4
DA:37,4
DA:47,4
DA:49,4
LF:9
LH:9
BRF:0
BRH:0
end_of_record
TN:
SF:src/stats/helpers/lessons/getLessonsScoreVariation.function.ts
FN:8,(anonymous_0)
FN:12,(anonymous_1)
FN:31,(anonymous_2)
FNF:3
FNH:3
FNDA:5,(anonymous_0)
FNDA:25,(anonymous_1)
FNDA:28,(anonymous_2)
DA:8,2
DA:11,5
DA:12,5
DA:13,25
DA:14,25
DA:17,25
DA:18,0
DA:23,0
DA:30,25
DA:31,28
DA:33,25
DA:35,14
DA:40,11
DA:47,5
LF:14
LH:12
BRDA:17,0,0,0
BRDA:17,0,1,25
BRDA:33,1,0,14
BRDA:33,1,1,11
BRF:4
BRH:3
end_of_record
TN:
SF:src/stats/helpers/lessons/updateLessonsStats.function.ts
FN:13,(anonymous_0)
FN:20,(anonymous_1)
FNF:2
FNH:2
FNDA:3,(anonymous_0)
FNDA:6,(anonymous_1)
DA:13,1
DA:17,3
DA:18,3
DA:20,3
DA:21,6
DA:22,6
DA:23,6
DA:27,6
DA:31,6
DA:34,3
LF:10
LH:10
BRDA:22,0,0,6
BRDA:22,0,1,1
BRF:2
BRH:2
end_of_record
TN:
SF:src/stats/helpers/topics/updateTopicsStats.function.ts
FN:10,(anonymous_0)
FN:14,(anonymous_1)
FN:24,(anonymous_2)
FNF:3
FNH:3
FNDA:4,(anonymous_0)
FNDA:48,(anonymous_1)
FNDA:208,(anonymous_2)
DA:10,1
DA:11,4
DA:14,4
DA:15,48
DA:16,0
DA:17,0
DA:19,48
DA:20,48
DA:21,48
DA:24,48
DA:25,208
DA:26,0
DA:27,0
DA:29,208
DA:30,208
DA:32,190
DA:34,18
DA:36,18
DA:37,5
DA:38,13
DA:39,6
DA:45,48
DA:46,7
DA:56,4
LF:24
LH:20
BRDA:15,0,0,0
BRDA:15,0,1,48
BRDA:25,1,0,0
BRDA:25,1,1,208
BRDA:30,2,0,190
BRDA:30,2,1,18
BRDA:36,3,0,5
BRDA:36,3,1,13
BRDA:38,4,0,6
BRDA:38,4,1,7
BRDA:45,5,0,7
BRDA:45,5,1,41
BRF:12
BRH:10
end_of_record
TN:
SF:src/stats/helpers/words/getWordScoreVariation.function.ts
FN:7,(anonymous_0)
FNF:1
FNH:1
FNDA:11,(anonymous_0)
DA:7,1
DA:11,11
DA:12,2
DA:14,2
DA:17,0
DA:19,9
DA:20,8
DA:22,2
DA:23,6
DA:24,4
DA:27,2
DA:31,1
DA:32,0
DA:35,1
DA:38,0
LF:15
LH:12
BRDA:11,0,0,2
BRDA:11,0,1,9
BRDA:12,1,0,2
BRDA:12,1,1,0
BRDA:19,2,0,8
BRDA:19,2,1,1
BRDA:19,3,0,9
BRDA:19,3,1,9
BRDA:20,4,0,2
BRDA:20,4,1,6
BRDA:23,5,0,4
BRDA:23,5,1,2
BRDA:31,6,0,0
BRDA:31,6,1,1
BRF:14
BRH:12
end_of_record
TN:
SF:src/stats/helpers/words/updateFormsStats.function.ts
FN:8,(anonymous_0)
FN:12,(anonymous_1)
FNF:2
FNH:2
FNDA:3,(anonymous_0)
FNDA:9,(anonymous_1)
DA:8,1
DA:12,3
DA:13,9
DA:14,9
DA:16,3
DA:17,1
DA:19,2
DA:21,3
DA:23,6
LF:9
LH:9
BRDA:14,0,0,3
BRDA:14,0,1,6
BRDA:14,1,0,9
BRDA:14,1,1,5
BRDA:16,2,0,1
BRDA:16,2,1,2
BRF:6
BRH:6
end_of_record
TN:
SF:src/stats/helpers/words/updateWordScores.function.ts
FN:8,(anonymous_0)
FNF:1
FNH:1
FNDA:8,(anonymous_0)
DA:8,1
DA:15,8
DA:16,8
DA:17,8
DA:18,8
DA:21,8
DA:22,4
DA:23,4
DA:24,4
DA:30,1
DA:31,3
DA:36,1
DA:37,1
DA:41,4
DA:42,4
DA:43,4
DA:49,1
DA:50,1
DA:51,3
DA:56,1
DA:60,8
LF:21
LH:21
BRDA:21,0,0,4
BRDA:21,0,1,4
BRDA:24,1,0,1
BRDA:24,1,1,3
BRDA:25,2,0,4
BRDA:25,2,1,3
BRDA:25,2,2,1
BRDA:31,3,0,1
BRDA:31,3,1,2
BRDA:32,4,0,3
BRDA:32,4,1,2
BRDA:43,5,0,1
BRDA:43,5,1,3
BRDA:44,6,0,4
BRDA:44,6,1,2
BRDA:44,6,2,1
BRDA:51,7,0,1
BRDA:51,7,1,2
BRDA:52,8,0,3
BRDA:52,8,1,2
BRF:20
BRH:20
end_of_record
TN:
SF:src/stats/interfaces/formStats.interface.ts
FNF:0
FNH:0
LF:0
LH:0
BRF:0
BRH:0
end_of_record
TN:
SF:src/stats/models/wordStats.model.ts
FNF:0
FNH:0
DA:5,1
DA:7,1
DA:28,1
LF:3
LH:3
BRF:0
BRH:0
end_of_record
