{"/manywords/server/src/authorization/constants.ts": {"path":"/manywords/server/src/authorization/constants.ts","statementMap":{"0":{"start":{"line":6,"column":28},"end":{"line":6,"column":39}},"1":{"start":{"line":9,"column":43},"end":{"line":9,"column":50}},"2":{"start":{"line":12,"column":43},"end":{"line":12,"column":61}},"3":{"start":{"line":15,"column":40},"end":{"line":15,"column":62}}},"fnMap":{},"branchMap":{},"s":{"0":6,"1":6,"2":6,"3":6},"f":{},"b":{},"_coverageSchema":"1a1c01bbd47fc00a2c39e90264f33305004495a9","hash":"57002dcd85487ad7a81e54b729712a30a00ec741"}
,"/manywords/server/src/authorization/helpers/setAccessCookie.ts": {"path":"/manywords/server/src/authorization/helpers/setAccessCookie.ts","statementMap":{"0":{"start":{"line":5,"column":24},"end":{"line":11,"column":1}},"1":{"start":{"line":6,"column":2},"end":{"line":10,"column":5}}},"fnMap":{"0":{"name":"(anonymous_0)","decl":{"start":{"line":5,"column":24},"end":{"line":5,"column":25}},"loc":{"start":{"line":5,"column":70},"end":{"line":11,"column":1}},"line":5}},"branchMap":{},"s":{"0":1,"1":1},"f":{"0":1},"b":{},"_coverageSchema":"1a1c01bbd47fc00a2c39e90264f33305004495a9","hash":"b6cf7cfe54117215844e5dad44c89a279086c705"}
,"/manywords/server/src/authorization/helpers/jwt/craftAccessToken.ts": {"path":"/manywords/server/src/authorization/helpers/jwt/craftAccessToken.ts","statementMap":{"0":{"start":{"line":13,"column":25},"end":{"line":28,"column":1}},"1":{"start":{"line":18,"column":4},"end":{"line":20,"column":35}},"2":{"start":{"line":21,"column":14},"end":{"line":21,"column":61}},"3":{"start":{"line":22,"column":18},"end":{"line":26,"column":3}},"4":{"start":{"line":27,"column":2},"end":{"line":27,"column":28}}},"fnMap":{"0":{"name":"(anonymous_0)","decl":{"start":{"line":13,"column":25},"end":{"line":13,"column":26}},"loc":{"start":{"line":16,"column":22},"end":{"line":28,"column":1}},"line":16}},"branchMap":{"0":{"loc":{"start":{"line":18,"column":4},"end":{"line":20,"column":35}},"type":"cond-expr","locations":[{"start":{"line":19,"column":8},"end":{"line":19,"column":35}},{"start":{"line":20,"column":8},"end":{"line":20,"column":35}}],"line":18}},"s":{"0":2,"1":3,"2":3,"3":3,"4":3},"f":{"0":3},"b":{"0":[1,2]},"_coverageSchema":"1a1c01bbd47fc00a2c39e90264f33305004495a9","hash":"2556ffd82c4b179cb8bc87f03a82254361eb3b7e"}
}
