{"/manywords/server/src/authorization/constants.ts": {"path":"/manywords/server/src/authorization/constants.ts","statementMap":{"0":{"start":{"line":6,"column":28},"end":{"line":6,"column":39}},"1":{"start":{"line":9,"column":43},"end":{"line":9,"column":50}},"2":{"start":{"line":12,"column":43},"end":{"line":12,"column":61}},"3":{"start":{"line":15,"column":40},"end":{"line":15,"column":62}}},"fnMap":{},"branchMap":{},"s":{"0":6,"1":6,"2":6,"3":6},"f":{},"b":{},"_coverageSchema":"1a1c01bbd47fc00a2c39e90264f33305004495a9","hash":"57002dcd85487ad7a81e54b729712a30a00ec741"}
,"/manywords/server/src/authorization/helpers/jwt/signToken.ts": {"path":"/manywords/server/src/authorization/helpers/jwt/signToken.ts","statementMap":{"0":{"start":{"line":7,"column":18},"end":{"line":22,"column":1}},"1":{"start":{"line":8,"column":25},"end":{"line":10,"column":3}},"2":{"start":{"line":11,"column":22},"end":{"line":11,"column":55}},"3":{"start":{"line":13,"column":2},"end":{"line":21,"column":5}},"4":{"start":{"line":14,"column":4},"end":{"line":20,"column":7}},"5":{"start":{"line":15,"column":6},"end":{"line":19,"column":7}},"6":{"start":{"line":16,"column":8},"end":{"line":16,"column":23}},"7":{"start":{"line":18,"column":8},"end":{"line":18,"column":22}}},"fnMap":{"0":{"name":"(anonymous_0)","decl":{"start":{"line":7,"column":18},"end":{"line":7,"column":19}},"loc":{"start":{"line":7,"column":71},"end":{"line":22,"column":1}},"line":7},"1":{"name":"(anonymous_1)","decl":{"start":{"line":13,"column":21},"end":{"line":13,"column":22}},"loc":{"start":{"line":13,"column":42},"end":{"line":21,"column":3}},"line":13},"2":{"name":"(anonymous_2)","decl":{"start":{"line":14,"column":47},"end":{"line":14,"column":48}},"loc":{"start":{"line":14,"column":71},"end":{"line":20,"column":5}},"line":14}},"branchMap":{"0":{"loc":{"start":{"line":15,"column":6},"end":{"line":19,"column":7}},"type":"if","locations":[{"start":{"line":15,"column":6},"end":{"line":19,"column":7}},{"start":{"line":15,"column":6},"end":{"line":19,"column":7}}],"line":15}},"s":{"0":5,"1":8,"2":8,"3":8,"4":8,"5":8,"6":8,"7":0},"f":{"0":8,"1":8,"2":8},"b":{"0":[8,0]},"_coverageSchema":"1a1c01bbd47fc00a2c39e90264f33305004495a9","hash":"eb12b3f5ec2be3600cf7090c8c912e3437970139"}
,"/manywords/server/src/authorization/helpers/jwt/verifyToken.ts": {"path":"/manywords/server/src/authorization/helpers/jwt/verifyToken.ts","statementMap":{"0":{"start":{"line":7,"column":27},"end":{"line":9,"column":1}},"1":{"start":{"line":11,"column":20},"end":{"line":24,"column":1}},"2":{"start":{"line":12,"column":2},"end":{"line":23,"column":5}},"3":{"start":{"line":13,"column":4},"end":{"line":22,"column":7}},"4":{"start":{"line":17,"column":6},"end":{"line":21,"column":7}},"5":{"start":{"line":18,"column":8},"end":{"line":18,"column":46}},"6":{"start":{"line":20,"column":8},"end":{"line":20,"column":22}}},"fnMap":{"0":{"name":"(anonymous_0)","decl":{"start":{"line":11,"column":20},"end":{"line":11,"column":21}},"loc":{"start":{"line":11,"column":62},"end":{"line":24,"column":1}},"line":11},"1":{"name":"(anonymous_1)","decl":{"start":{"line":12,"column":21},"end":{"line":12,"column":22}},"loc":{"start":{"line":12,"column":42},"end":{"line":23,"column":3}},"line":12},"2":{"name":"(anonymous_2)","decl":{"start":{"line":13,"column":63},"end":{"line":13,"column":64}},"loc":{"start":{"line":16,"column":6},"end":{"line":22,"column":5}},"line":16}},"branchMap":{"0":{"loc":{"start":{"line":17,"column":6},"end":{"line":21,"column":7}},"type":"if","locations":[{"start":{"line":17,"column":6},"end":{"line":21,"column":7}},{"start":{"line":17,"column":6},"end":{"line":21,"column":7}}],"line":17}},"s":{"0":5,"1":5,"2":11,"3":11,"4":11,"5":9,"6":2},"f":{"0":11,"1":11,"2":11},"b":{"0":[9,2]},"_coverageSchema":"1a1c01bbd47fc00a2c39e90264f33305004495a9","hash":"29a60dbd9ce0164bb06b18ca33327c69ba8d6271"}
,"/manywords/server/src/authorization/interfaces/tokenPayload.interface.ts": {"path":"/manywords/server/src/authorization/interfaces/tokenPayload.interface.ts","statementMap":{},"fnMap":{},"branchMap":{},"s":{},"f":{},"b":{},"_coverageSchema":"1a1c01bbd47fc00a2c39e90264f33305004495a9","hash":"25cfe8b7c1793f23cd8b6e7bec5b543c5b823165"}
,"/manywords/server/src/user/user.service.ts": {"path":"/manywords/server/src/user/user.service.ts","statementMap":{"0":{"start":{"line":9,"column":20},"end":{"line":80,"column":1}},"1":{"start":{"line":14,"column":20},"end":{"line":14,"column":48}},"2":{"start":{"line":15,"column":4},"end":{"line":15,"column":59}},"3":{"start":{"line":16,"column":4},"end":{"line":16,"column":19}},"4":{"start":{"line":23,"column":4},"end":{"line":23,"column":38}},"5":{"start":{"line":30,"column":4},"end":{"line":30,"column":44}},"6":{"start":{"line":31,"column":4},"end":{"line":31,"column":60}},"7":{"start":{"line":38,"column":4},"end":{"line":38,"column":43}},"8":{"start":{"line":39,"column":18},"end":{"line":42,"column":5}},"9":{"start":{"line":43,"column":4},"end":{"line":50,"column":6}},"10":{"start":{"line":57,"column":28},"end":{"line":57,"column":38}},"11":{"start":{"line":58,"column":17},"end":{"line":58,"column":51}},"12":{"start":{"line":59,"column":4},"end":{"line":62,"column":5}},"13":{"start":{"line":60,"column":6},"end":{"line":60,"column":70}},"14":{"start":{"line":61,"column":6},"end":{"line":61,"column":39}},"15":{"start":{"line":63,"column":23},"end":{"line":63,"column":40}},"16":{"start":{"line":64,"column":4},"end":{"line":67,"column":5}},"17":{"start":{"line":65,"column":6},"end":{"line":65,"column":75}},"18":{"start":{"line":66,"column":6},"end":{"line":66,"column":39}},"19":{"start":{"line":68,"column":4},"end":{"line":71,"column":5}},"20":{"start":{"line":69,"column":6},"end":{"line":69,"column":49}},"21":{"start":{"line":70,"column":6},"end":{"line":70,"column":35}},"22":{"start":{"line":72,"column":22},"end":{"line":72,"column":44}},"23":{"start":{"line":73,"column":4},"end":{"line":76,"column":5}},"24":{"start":{"line":74,"column":6},"end":{"line":74,"column":51}},"25":{"start":{"line":75,"column":6},"end":{"line":75,"column":37}},"26":{"start":{"line":77,"column":4},"end":{"line":77,"column":77}},"27":{"start":{"line":78,"column":4},"end":{"line":78,"column":16}}},"fnMap":{"0":{"name":"(anonymous_0)","decl":{"start":{"line":13,"column":14},"end":{"line":13,"column":15}},"loc":{"start":{"line":13,"column":73},"end":{"line":17,"column":3}},"line":13},"1":{"name":"(anonymous_1)","decl":{"start":{"line":22,"column":15},"end":{"line":22,"column":16}},"loc":{"start":{"line":22,"column":71},"end":{"line":24,"column":3}},"line":22},"2":{"name":"(anonymous_2)","decl":{"start":{"line":29,"column":15},"end":{"line":29,"column":16}},"loc":{"start":{"line":29,"column":77},"end":{"line":32,"column":3}},"line":29},"3":{"name":"(anonymous_3)","decl":{"start":{"line":37,"column":11},"end":{"line":37,"column":12}},"loc":{"start":{"line":37,"column":65},"end":{"line":51,"column":3}},"line":37},"4":{"name":"(anonymous_4)","decl":{"start":{"line":56,"column":17},"end":{"line":56,"column":18}},"loc":{"start":{"line":56,"column":74},"end":{"line":79,"column":3}},"line":56}},"branchMap":{"0":{"loc":{"start":{"line":13,"column":21},"end":{"line":13,"column":45}},"type":"default-arg","locations":[{"start":{"line":13,"column":43},"end":{"line":13,"column":45}}],"line":13},"1":{"loc":{"start":{"line":59,"column":4},"end":{"line":62,"column":5}},"type":"if","locations":[{"start":{"line":59,"column":4},"end":{"line":62,"column":5}},{"start":{"line":59,"column":4},"end":{"line":62,"column":5}}],"line":59},"2":{"loc":{"start":{"line":64,"column":4},"end":{"line":67,"column":5}},"type":"if","locations":[{"start":{"line":64,"column":4},"end":{"line":67,"column":5}},{"start":{"line":64,"column":4},"end":{"line":67,"column":5}}],"line":64},"3":{"loc":{"start":{"line":68,"column":4},"end":{"line":71,"column":5}},"type":"if","locations":[{"start":{"line":68,"column":4},"end":{"line":71,"column":5}},{"start":{"line":68,"column":4},"end":{"line":71,"column":5}}],"line":68},"4":{"loc":{"start":{"line":73,"column":4},"end":{"line":76,"column":5}},"type":"if","locations":[{"start":{"line":73,"column":4},"end":{"line":76,"column":5}},{"start":{"line":73,"column":4},"end":{"line":76,"column":5}}],"line":73},"5":{"loc":{"start":{"line":73,"column":8},"end":{"line":73,"column":44}},"type":"binary-expr","locations":[{"start":{"line":73,"column":8},"end":{"line":73,"column":18}},{"start":{"line":73,"column":22},"end":{"line":73,"column":44}}],"line":73}},"s":{"0":2,"1":7,"2":7,"3":7,"4":0,"5":0,"6":0,"7":4,"8":4,"9":4,"10":0,"11":0,"12":0,"13":0,"14":0,"15":0,"16":0,"17":0,"18":0,"19":0,"20":0,"21":0,"22":0,"23":0,"24":0,"25":0,"26":0,"27":0},"f":{"0":7,"1":0,"2":0,"3":4,"4":0},"b":{"0":[0],"1":[0,0],"2":[0,0],"3":[0,0],"4":[0,0],"5":[0,0]},"_coverageSchema":"1a1c01bbd47fc00a2c39e90264f33305004495a9","hash":"adb96976c86d318fa0d61761b05bb87bbf9b1253"}
,"/manywords/server/src/user/models/user.model.ts": {"path":"/manywords/server/src/user/models/user.model.ts","statementMap":{"0":{"start":{"line":5,"column":19},"end":{"line":5,"column":27}},"1":{"start":{"line":7,"column":19},"end":{"line":71,"column":1}},"2":{"start":{"line":73,"column":13},"end":{"line":73,"column":61}}},"fnMap":{},"branchMap":{},"s":{"0":2,"1":2,"2":2},"f":{},"b":{},"_coverageSchema":"1a1c01bbd47fc00a2c39e90264f33305004495a9","hash":"2bdd24f4e2bfef8742a864124a3f27fece81c3e8"}
,"/manywords/server/src/utils/tests/dbConnection.ts": {"path":"/manywords/server/src/utils/tests/dbConnection.ts","statementMap":{"0":{"start":{"line":7,"column":24},"end":{"line":18,"column":1}},"1":{"start":{"line":8,"column":2},"end":{"line":17,"column":4}},"2":{"start":{"line":12,"column":6},"end":{"line":15,"column":7}},"3":{"start":{"line":13,"column":8},"end":{"line":13,"column":26}},"4":{"start":{"line":14,"column":8},"end":{"line":14,"column":24}}},"fnMap":{"0":{"name":"(anonymous_0)","decl":{"start":{"line":7,"column":24},"end":{"line":7,"column":25}},"loc":{"start":{"line":7,"column":62},"end":{"line":18,"column":1}},"line":7},"1":{"name":"(anonymous_1)","decl":{"start":{"line":11,"column":4},"end":{"line":11,"column":5}},"loc":{"start":{"line":11,"column":13},"end":{"line":16,"column":5}},"line":11}},"branchMap":{"0":{"loc":{"start":{"line":12,"column":6},"end":{"line":15,"column":7}},"type":"if","locations":[{"start":{"line":12,"column":6},"end":{"line":15,"column":7}},{"start":{"line":12,"column":6},"end":{"line":15,"column":7}}],"line":12}},"s":{"0":2,"1":2,"2":2,"3":0,"4":0},"f":{"0":2,"1":2},"b":{"0":[0,2]},"_coverageSchema":"1a1c01bbd47fc00a2c39e90264f33305004495a9","hash":"6f5e2f599ee2249c6ef875479f3dcd2eca78ccf5"}
,"/manywords/server/src/utils/tests/getAccessTokenForUser.ts": {"path":"/manywords/server/src/utils/tests/getAccessTokenForUser.ts","statementMap":{"0":{"start":{"line":9,"column":24},"end":{"line":16,"column":1}},"1":{"start":{"line":18,"column":30},"end":{"line":38,"column":1}},"2":{"start":{"line":19,"column":2},"end":{"line":22,"column":5}},"3":{"start":{"line":23,"column":21},"end":{"line":26,"column":3}},"4":{"start":{"line":27,"column":14},"end":{"line":30,"column":4}},"5":{"start":{"line":35,"column":6},"end":{"line":35,"column":9}},"6":{"start":{"line":37,"column":2},"end":{"line":37,"column":21}}},"fnMap":{"0":{"name":"(anonymous_0)","decl":{"start":{"line":18,"column":30},"end":{"line":18,"column":31}},"loc":{"start":{"line":18,"column":72},"end":{"line":38,"column":1}},"line":18}},"branchMap":{},"s":{"0":1,"1":1,"2":3,"3":3,"4":3,"5":3,"6":3},"f":{"0":3},"b":{},"_coverageSchema":"1a1c01bbd47fc00a2c39e90264f33305004495a9","hash":"4d9d36109f8b11e5b8088e1a3f31abbd83679cd9"}
,"/manywords/server/src/utils/tests/graphqlClient.ts": {"path":"/manywords/server/src/utils/tests/graphqlClient.ts","statementMap":{"0":{"start":{"line":6,"column":23},"end":{"line":6,"column":36}},"1":{"start":{"line":11,"column":28},"end":{"line":18,"column":2}},"2":{"start":{"line":16,"column":4},"end":{"line":16,"column":11}},"3":{"start":{"line":20,"column":20},"end":{"line":27,"column":2}},"4":{"start":{"line":25,"column":4},"end":{"line":25,"column":11}},"5":{"start":{"line":29,"column":36},"end":{"line":42,"column":4}},"6":{"start":{"line":32,"column":2},"end":{"line":42,"column":4}},"7":{"start":{"line":40,"column":6},"end":{"line":40,"column":13}},"8":{"start":{"line":44,"column":29},"end":{"line":50,"column":2}}},"fnMap":{"0":{"name":"(anonymous_0)","decl":{"start":{"line":15,"column":11},"end":{"line":15,"column":12}},"loc":{"start":{"line":15,"column":23},"end":{"line":17,"column":3}},"line":15},"1":{"name":"(anonymous_1)","decl":{"start":{"line":24,"column":11},"end":{"line":24,"column":12}},"loc":{"start":{"line":24,"column":23},"end":{"line":26,"column":3}},"line":24},"2":{"name":"(anonymous_2)","decl":{"start":{"line":29,"column":36},"end":{"line":29,"column":37}},"loc":{"start":{"line":32,"column":2},"end":{"line":42,"column":4}},"line":32},"3":{"name":"(anonymous_3)","decl":{"start":{"line":39,"column":13},"end":{"line":39,"column":14}},"loc":{"start":{"line":39,"column":25},"end":{"line":41,"column":5}},"line":39}},"branchMap":{},"s":{"0":2,"1":2,"2":16,"3":2,"4":1,"5":2,"6":4,"7":2,"8":2},"f":{"0":16,"1":1,"2":4,"3":2},"b":{},"_coverageSchema":"1a1c01bbd47fc00a2c39e90264f33305004495a9","hash":"8acdba51662d7d6f6fd731a02b5114d5130fb573"}
}
