TN:
SF:server/src/authorization/constants.ts
FNF:0
FNH:0
DA:6,6
DA:9,6
DA:12,6
DA:15,6
LF:4
LH:4
BRF:0
BRH:0
end_of_record
TN:
SF:server/src/authorization/helpers/jwt/signToken.ts
FN:7,(anonymous_0)
FN:13,(anonymous_1)
FN:14,(anonymous_2)
FNF:3
FNH:3
FNDA:8,(anonymous_0)
FNDA:8,(anonymous_1)
FNDA:8,(anonymous_2)
DA:7,5
DA:8,8
DA:11,8
DA:13,8
DA:14,8
DA:15,8
DA:16,8
DA:18,0
LF:8
LH:7
BRDA:15,0,0,8
BRDA:15,0,1,0
BRF:2
BRH:1
end_of_record
TN:
SF:server/src/authorization/helpers/jwt/verifyToken.ts
FN:11,(anonymous_0)
FN:12,(anonymous_1)
FN:13,(anonymous_2)
FNF:3
FNH:3
FNDA:11,(anonymous_0)
FNDA:11,(anonymous_1)
FNDA:11,(anonymous_2)
DA:7,5
DA:11,5
DA:12,11
DA:13,11
DA:17,11
DA:18,9
DA:20,2
LF:7
LH:7
BRDA:17,0,0,9
BRDA:17,0,1,2
BRF:2
BRH:2
end_of_record
TN:
SF:server/src/authorization/interfaces/tokenPayload.interface.ts
FNF:0
FNH:0
LF:0
LH:0
BRF:0
BRH:0
end_of_record
TN:
SF:server/src/user/user.service.ts
FN:13,(anonymous_0)
FN:22,(anonymous_1)
FN:29,(anonymous_2)
FN:37,(anonymous_3)
FN:56,(anonymous_4)
FNF:5
FNH:2
FNDA:7,(anonymous_0)
FNDA:0,(anonymous_1)
FNDA:0,(anonymous_2)
FNDA:4,(anonymous_3)
FNDA:0,(anonymous_4)
DA:9,2
DA:14,7
DA:15,7
DA:16,7
DA:23,0
DA:30,0
DA:31,0
DA:38,4
DA:39,4
DA:43,4
DA:57,0
DA:58,0
DA:59,0
DA:60,0
DA:61,0
DA:63,0
DA:64,0
DA:65,0
DA:66,0
DA:68,0
DA:69,0
DA:70,0
DA:72,0
DA:73,0
DA:74,0
DA:75,0
DA:77,0
DA:78,0
LF:28
LH:7
BRDA:13,0,0,0
BRDA:59,1,0,0
BRDA:59,1,1,0
BRDA:64,2,0,0
BRDA:64,2,1,0
BRDA:68,3,0,0
BRDA:68,3,1,0
BRDA:73,4,0,0
BRDA:73,4,1,0
BRDA:73,5,0,0
BRDA:73,5,1,0
BRF:11
BRH:0
end_of_record
TN:
SF:server/src/user/models/user.model.ts
FNF:0
FNH:0
DA:5,2
DA:7,2
DA:73,2
LF:3
LH:3
BRF:0
BRH:0
end_of_record
TN:
SF:server/src/utils/tests/dbConnection.ts
FN:7,(anonymous_0)
FN:11,(anonymous_1)
FNF:2
FNH:2
FNDA:2,(anonymous_0)
FNDA:2,(anonymous_1)
DA:7,2
DA:8,2
DA:12,2
DA:13,0
DA:14,0
LF:5
LH:3
BRDA:12,0,0,0
BRDA:12,0,1,2
BRF:2
BRH:1
end_of_record
TN:
SF:server/src/utils/tests/getAccessTokenForUser.ts
FN:18,(anonymous_0)
FNF:1
FNH:1
FNDA:3,(anonymous_0)
DA:9,1
DA:18,1
DA:19,3
DA:23,3
DA:27,3
DA:35,3
DA:37,3
LF:7
LH:7
BRF:0
BRH:0
end_of_record
TN:
SF:server/src/utils/tests/graphqlClient.ts
FN:15,(anonymous_0)
FN:24,(anonymous_1)
FN:29,(anonymous_2)
FN:39,(anonymous_3)
FNF:4
FNH:4
FNDA:16,(anonymous_0)
FNDA:1,(anonymous_1)
FNDA:4,(anonymous_2)
FNDA:2,(anonymous_3)
DA:6,2
DA:11,2
DA:16,16
DA:20,2
DA:25,1
DA:29,2
DA:32,4
DA:40,2
DA:44,2
LF:9
LH:9
BRF:0
BRH:0
end_of_record
