TN:
SF:server/src/authorization/constants.ts
FNF:0
FNH:0
DA:6,6
DA:9,6
DA:12,6
DA:15,6
LF:4
LH:4
BRF:0
BRH:0
end_of_record
TN:
SF:server/src/authorization/helpers/setAccessCookie.ts
FN:5,(anonymous_0)
FNF:1
FNH:1
FNDA:1,(anonymous_0)
DA:5,1
DA:6,1
LF:2
LH:2
BRF:0
BRH:0
end_of_record
TN:
SF:server/src/authorization/helpers/jwt/craftAccessToken.ts
FN:13,(anonymous_0)
FNF:1
FNH:1
FNDA:3,(anonymous_0)
DA:13,2
DA:18,3
DA:21,3
DA:22,3
DA:27,3
LF:5
LH:5
BRDA:18,0,0,1
BRDA:18,0,1,2
BRF:2
BRH:2
end_of_record
